Removed Pin From Net: NetName=GND Pin=U5-1
Removed Pin From Net: NetName=NetP2_1 Pin=U5-2
Removed Pin From Net: NetName=NetP2_2 Pin=U5-3
Removed Pin From Net: NetName=NetP2_3 Pin=U5-4
Removed Pin From Net: NetName=NetP2_4 Pin=U5-5
Removed Pin From Net: NetName=NetP2_5 Pin=U5-6
Removed Pin From Net: NetName=NetP1_7 Pin=U5-11
Removed Pin From Net: NetName=NetP1_6 Pin=U5-12
Removed Pin From Net: NetName=NetP1_5 Pin=U5-13
Removed Pin From Net: NetName=NetP1_4 Pin=U5-14
Removed Pin From Net: NetName=NetP1_3 Pin=U5-15
Removed Pin From Net: NetName=NetP1_2 Pin=U5-16
Removed Pin From Net: NetName=NetP1_1 Pin=U5-17
Removed Pin From Net: NetName=SCL Pin=U5-18
Removed Pin From Net: NetName=SDA Pin=U5-19
Removed Pin From Net: NetName=5V Pin=U5-20
Removed Member From Class: ClassName=SCH_MagControl_Sheet2 Member=U5
Added Component: Designator=U?(SOP127P1030X264-28N)
Add component. Clean all parameters for all variants
Add component (AddParameter): Name = "Value"; Value = "HT16K33"; VariantName = "[No Variations]"
Added Pin To Net: NetName=GND Pin=U?-1
Added Pin To Net: NetName=NetP2_1 Pin=U?-2
Added Pin To Net: NetName=NetP2_2 Pin=U?-3
Added Pin To Net: NetName=NetP2_3 Pin=U?-4
Added Pin To Net: NetName=NetP2_4 Pin=U?-5
Added Pin To Net: NetName=NetP2_5 Pin=U?-6
Added Pin To Net: NetName=NetP1_7 Pin=U?-19
Added Pin To Net: NetName=NetP1_6 Pin=U?-20
Added Pin To Net: NetName=NetP1_5 Pin=U?-21
Added Pin To Net: NetName=NetP1_4 Pin=U?-22
Added Pin To Net: NetName=NetP1_3 Pin=U?-23
Added Pin To Net: NetName=NetP1_2 Pin=U?-24
Added Pin To Net: NetName=NetP1_1 Pin=U?-25
Added Pin To Net: NetName=SCL Pin=U?-26
Added Pin To Net: NetName=SDA Pin=U?-27
Added Pin To Net: NetName=5V Pin=U?-28
Added Member To Class: ClassName=SCH_MagControl_Sheet2 Member=Component U? HT16K33_28
Added Room: Name=SCH_MagControl_Sheet1
Added Room: Name=SCH_MagControl_Sheet2
