Removed Pin From Net: NetName=5V Pin=J1-1
Removed Pin From Net: NetName=5V Pin=J1-1
Removed Pin From Net: NetName=NetJ1_2 Pin=J1-2
Removed Pin From Net: NetName=NetJ3_1 Pin=J3-1
Removed Pin From Net: NetName=NetJ3_1 Pin=J3-1
Removed Pin From Net: NetName=GND Pin=J3-2
Removed Pin From Net: NetName=NetJ4_1 Pin=J4-1
Removed Pin From Net: NetName=NetJ4_1 Pin=J4-1
Removed Pin From Net: NetName=GND Pin=J4-2
Change Component Footprint: Designator=J3 Old Footprint=PJ-002B-SMT New Footprint=CUI_RCJ-043
Change Component Footprint: Designator=J4 Old Footprint=PJ-002B-SMT New Footprint=CUI_RCJ-043
Change Component Footprint: Designator=J1 Old Footprint=PJ-002B-SMT New Footprint=SN37A12
Change Component Comment : Designator=J1 Old Comment=PWR2.5 New Comment=PHONO_250
Change Component Comment : Designator=J3 Old Comment=PWR2.5 New Comment=RCJ-043
Change Component Comment : Designator=J4 Old Comment=PWR2.5 New Comment=RCJ-043
Change component parameters: Designator = "J1"; Footprint = "SN37A12"; UniqueID = "\ANZHJCFX"
Change component parameters. Clean all parameters for all variants
Change component parameters (AddParameter): Name = "Value"; Value = "PHONO"; VariantName = "[No Variations]"
Change component parameters: Designator = "J3"; Footprint = "CUI_RCJ-043"; UniqueID = "\BDDEKUQR"
Change component parameters. Clean all parameters for all variants
Change component parameters (AddParameter): Name = "Value"; Value = "RCJ-043"; VariantName = "[No Variations]"
Change component parameters: Designator = "J4"; Footprint = "CUI_RCJ-043"; UniqueID = "\NXCQBICP"
Change component parameters. Clean all parameters for all variants
Change component parameters (AddParameter): Name = "Value"; Value = "RCJ-043"; VariantName = "[No Variations]"
Added Pin To Net: NetName=5V Pin=J1-S
Added Pin To Net: NetName=NetJ1_2 Pin=J1-T
Added Pin To Net: NetName=GND Pin=J3-1
Added Pin To Net: NetName=NetJ3_1 Pin=J3-2
Added Pin To Net: NetName=GND Pin=J4-1
Added Pin To Net: NetName=NetJ4_1 Pin=J4-2
Change Net Name : Old Net Name=NetJ1_2 New Net Name=NetJ1_T
Change Net Name : Old Net Name=NetJ3_1 New Net Name=NetJ3_2
Change Net Name : Old Net Name=NetJ4_1 New Net Name=NetJ4_2
Added Room: Name=SCH_MagControl_Sheet1
Added Room: Name=SCH_MagControl_Sheet2
