Added Component: Designator=C18(CAPC2012L)
Add component. Clean all parameters for all variants
Add component (AddParameter): Name = "LatestRevisionDate"; Value = "29-May-2009"; VariantName = "[No Variations]"
Add component (AddParameter): Name = "LatestRevisionNote"; Value = "IPC-7351 Footprint Added."; VariantName = "[No Variations]"
Add component (AddParameter): Name = "PackageDescription"; Value = "Chip Capacitor"; VariantName = "[No Variations]"
Add component (AddParameter): Name = "PackageReference"; Value = "C1206"; VariantName = "[No Variations]"
Add component (AddParameter): Name = "Published"; Value = "8-Jun-2000"; VariantName = "[No Variations]"
Add component (AddParameter): Name = "Publisher"; Value = "Altium Limited"; VariantName = "[No Variations]"
Add component (AddParameter): Name = "Value"; Value = "18pF"; VariantName = "[No Variations]"
Added Component: Designator=C19(CAPC2012L)
Add component. Clean all parameters for all variants
Add component (AddParameter): Name = "LatestRevisionDate"; Value = "29-May-2009"; VariantName = "[No Variations]"
Add component (AddParameter): Name = "LatestRevisionNote"; Value = "IPC-7351 Footprint Added."; VariantName = "[No Variations]"
Add component (AddParameter): Name = "PackageDescription"; Value = "Chip Capacitor"; VariantName = "[No Variations]"
Add component (AddParameter): Name = "PackageReference"; Value = "C1206"; VariantName = "[No Variations]"
Add component (AddParameter): Name = "Published"; Value = "8-Jun-2000"; VariantName = "[No Variations]"
Add component (AddParameter): Name = "Publisher"; Value = "Altium Limited"; VariantName = "[No Variations]"
Add component (AddParameter): Name = "Value"; Value = "18pF"; VariantName = "[No Variations]"
Added Component: Designator=J1(PJ-002B-SMT)
Add component. Clean all parameters for all variants
Add component (AddParameter): Name = "Manufacturer 1"; Value = ""; VariantName = "[No Variations]"
Add component (AddParameter): Name = "Manufacturer Part Number 1"; Value = ""; VariantName = "[No Variations]"
Add component (AddParameter): Name = "Value"; Value = ""; VariantName = "[No Variations]"
Added Component: Designator=J2(PJ-002B-SMT)
Add component. Clean all parameters for all variants
Add component (AddParameter): Name = "Manufacturer 1"; Value = ""; VariantName = "[No Variations]"
Add component (AddParameter): Name = "Manufacturer Part Number 1"; Value = ""; VariantName = "[No Variations]"
Add component (AddParameter): Name = "Value"; Value = ""; VariantName = "[No Variations]"
Added Component: Designator=J3(PJ-002B-SMT)
Add component. Clean all parameters for all variants
Add component (AddParameter): Name = "Manufacturer 1"; Value = ""; VariantName = "[No Variations]"
Add component (AddParameter): Name = "Manufacturer Part Number 1"; Value = ""; VariantName = "[No Variations]"
Add component (AddParameter): Name = "Value"; Value = ""; VariantName = "[No Variations]"
Added Component: Designator=J4(PJ-002B-SMT)
Add component. Clean all parameters for all variants
Add component (AddParameter): Name = "Manufacturer 1"; Value = ""; VariantName = "[No Variations]"
Add component (AddParameter): Name = "Manufacturer Part Number 1"; Value = ""; VariantName = "[No Variations]"
Add component (AddParameter): Name = "Value"; Value = ""; VariantName = "[No Variations]"
Added Component: Designator=L1(0402-A)
Add component. Clean all parameters for all variants
Add component (AddParameter): Name = "Code_IEC"; Value = "1005"; VariantName = "[No Variations]"
Add component (AddParameter): Name = "Code_JEITA"; Value = "0402"; VariantName = "[No Variations]"
Add component (AddParameter): Name = "LatestRevisionDate"; Value = "29-May-2009"; VariantName = "[No Variations]"
Add component (AddParameter): Name = "LatestRevisionNote"; Value = "IPC-7351 Footprint Added."; VariantName = "[No Variations]"
Add component (AddParameter): Name = "PackageDescription"; Value = "Chip Inductor"; VariantName = "[No Variations]"
Add component (AddParameter): Name = "PackageReference"; Value = "0402-A"; VariantName = "[No Variations]"
Add component (AddParameter): Name = "Published"; Value = "8-Jun-2000"; VariantName = "[No Variations]"
Add component (AddParameter): Name = "Publisher"; Value = "Altium Limited"; VariantName = "[No Variations]"
Add component (AddParameter): Name = "Value"; Value = "10mH"; VariantName = "[No Variations]"
Added Component: Designator=P1(HDR1X7)
Add component. Clean all parameters for all variants
Add component (AddParameter): Name = "LatestRevisionDate"; Value = "17-Jul-2002"; VariantName = "[No Variations]"
Add component (AddParameter): Name = "LatestRevisionNote"; Value = "Re-released for DXP Platform."; VariantName = "[No Variations]"
Add component (AddParameter): Name = "Publisher"; Value = "Altium Limited"; VariantName = "[No Variations]"
Added Component: Designator=P2(HDR1X5)
Add component. Clean all parameters for all variants
Add component (AddParameter): Name = "LatestRevisionDate"; Value = "17-Jul-2002"; VariantName = "[No Variations]"
Add component (AddParameter): Name = "LatestRevisionNote"; Value = "Re-released for DXP Platform."; VariantName = "[No Variations]"
Add component (AddParameter): Name = "Publisher"; Value = "Altium Limited"; VariantName = "[No Variations]"
Added Component: Designator=P3(HDR2X3)
Add component. Clean all parameters for all variants
Add component (AddParameter): Name = "LatestRevisionDate"; Value = "17-Jul-2002"; VariantName = "[No Variations]"
Add component (AddParameter): Name = "LatestRevisionNote"; Value = "Re-released for DXP Platform."; VariantName = "[No Variations]"
Add component (AddParameter): Name = "Publisher"; Value = "Altium Limited"; VariantName = "[No Variations]"
Added Component: Designator=P4(C-5103308-5)
Add component. Clean all parameters for all variants
Add component (AddParameter): Name = "Manufacturer 1"; Value = ""; VariantName = "[No Variations]"
Add component (AddParameter): Name = "Manufacturer Part Number 1"; Value = ""; VariantName = "[No Variations]"
Add component (AddParameter): Name = "Value"; Value = ""; VariantName = "[No Variations]"
Added Component: Designator=Q2(SOT23_N)
Add component. Clean all parameters for all variants
Add component (AddParameter): Name = "Manufacturer 1"; Value = "NXP"; VariantName = "[No Variations]"
Add component (AddParameter): Name = "Manufacturer Part Number 1"; Value = "PMBT2222A,215"; VariantName = "[No Variations]"
Add component (AddParameter): Name = "Supplier 1"; Value = "Digi-Key"; VariantName = "[No Variations]"
Add component (AddParameter): Name = "Supplier Part Number 1"; Value = "568-1738-1-ND"; VariantName = "[No Variations]"
Add component (AddParameter): Name = "Value"; Value = "PMBT2222A"; VariantName = "[No Variations]"
Added Component: Designator=Q4(SOT23_N)
Add component. Clean all parameters for all variants
Add component (AddParameter): Name = "Manufacturer 1"; Value = "NXP"; VariantName = "[No Variations]"
Add component (AddParameter): Name = "Manufacturer Part Number 1"; Value = "PMBT2222A,215"; VariantName = "[No Variations]"
Add component (AddParameter): Name = "Supplier 1"; Value = "Digi-Key"; VariantName = "[No Variations]"
Add component (AddParameter): Name = "Supplier Part Number 1"; Value = "568-1738-1-ND"; VariantName = "[No Variations]"
Add component (AddParameter): Name = "Value"; Value = "PMBT2222A"; VariantName = "[No Variations]"
Added Component: Designator=Q6(SOT23_N)
Add component. Clean all parameters for all variants
Add component (AddParameter): Name = "Manufacturer 1"; Value = "NXP"; VariantName = "[No Variations]"
Add component (AddParameter): Name = "Manufacturer Part Number 1"; Value = "PMBT2222A,215"; VariantName = "[No Variations]"
Add component (AddParameter): Name = "Supplier 1"; Value = "Digi-Key"; VariantName = "[No Variations]"
Add component (AddParameter): Name = "Supplier Part Number 1"; Value = "568-1738-1-ND"; VariantName = "[No Variations]"
Add component (AddParameter): Name = "Value"; Value = "PMBT2222A"; VariantName = "[No Variations]"
Added Component: Designator=R1(RESC1005N)
Add component. Clean all parameters for all variants
Add component (AddParameter): Name = "Manufacturer 1"; Value = "Panasonic"; VariantName = "[No Variations]"
Add component (AddParameter): Name = "Manufacturer Part Number 1"; Value = "ERJ-2RKF1002X"; VariantName = "[No Variations]"
Add component (AddParameter): Name = "Supplier 1"; Value = "Digi-Key"; VariantName = "[No Variations]"
Add component (AddParameter): Name = "Supplier Part Number 1"; Value = "P10.0KLCT-ND"; VariantName = "[No Variations]"
Add component (AddParameter): Name = "Value"; Value = "10.0K"; VariantName = "[No Variations]"
Added Component: Designator=R2(RESC1005N)
Add component. Clean all parameters for all variants
Add component (AddParameter): Name = "Manufacturer 1"; Value = "Panasonic"; VariantName = "[No Variations]"
Add component (AddParameter): Name = "Manufacturer Part Number 1"; Value = "ERJ-2RKF1202X"; VariantName = "[No Variations]"
Add component (AddParameter): Name = "Supplier 1"; Value = "Digi-Key"; VariantName = "[No Variations]"
Add component (AddParameter): Name = "Supplier Part Number 1"; Value = "P12.0KLCT-ND"; VariantName = "[No Variations]"
Add component (AddParameter): Name = "Value"; Value = "12.0K"; VariantName = "[No Variations]"
Added Component: Designator=R3(RESC1005N)
Add component. Clean all parameters for all variants
Add component (AddParameter): Name = "Manufacturer 1"; Value = "Panasonic"; VariantName = "[No Variations]"
Add component (AddParameter): Name = "Manufacturer Part Number 1"; Value = "ERJ-2RKF1001X"; VariantName = "[No Variations]"
Add component (AddParameter): Name = "Supplier 1"; Value = "Digi-Key"; VariantName = "[No Variations]"
Add component (AddParameter): Name = "Supplier Part Number 1"; Value = "P1.00KLCT-ND"; VariantName = "[No Variations]"
Add component (AddParameter): Name = "Value"; Value = "1.00K"; VariantName = "[No Variations]"
Added Component: Designator=R4(RESC1005N)
Add component. Clean all parameters for all variants
Add component (AddParameter): Name = "Manufacturer 1"; Value = "Panasonic"; VariantName = "[No Variations]"
Add component (AddParameter): Name = "Manufacturer Part Number 1"; Value = "ERJ-2RKF1002X"; VariantName = "[No Variations]"
Add component (AddParameter): Name = "Supplier 1"; Value = "Digi-Key"; VariantName = "[No Variations]"
Add component (AddParameter): Name = "Supplier Part Number 1"; Value = "P10.0KLCT-ND"; VariantName = "[No Variations]"
Add component (AddParameter): Name = "Value"; Value = "10.0K"; VariantName = "[No Variations]"
Added Component: Designator=R5(RESC1005N)
Add component. Clean all parameters for all variants
Add component (AddParameter): Name = "Manufacturer 1"; Value = "Panasonic"; VariantName = "[No Variations]"
Add component (AddParameter): Name = "Manufacturer Part Number 1"; Value = "ERJ-2RKF1002X"; VariantName = "[No Variations]"
Add component (AddParameter): Name = "Supplier 1"; Value = "Digi-Key"; VariantName = "[No Variations]"
Add component (AddParameter): Name = "Supplier Part Number 1"; Value = "P10.0KLCT-ND"; VariantName = "[No Variations]"
Add component (AddParameter): Name = "Value"; Value = "10.0K"; VariantName = "[No Variations]"
Added Component: Designator=R6(RESC1005N)
Add component. Clean all parameters for all variants
Add component (AddParameter): Name = "Manufacturer 1"; Value = "Panasonic"; VariantName = "[No Variations]"
Add component (AddParameter): Name = "Manufacturer Part Number 1"; Value = "ERJ-2RKF1202X"; VariantName = "[No Variations]"
Add component (AddParameter): Name = "Supplier 1"; Value = "Digi-Key"; VariantName = "[No Variations]"
Add component (AddParameter): Name = "Supplier Part Number 1"; Value = "P12.0KLCT-ND"; VariantName = "[No Variations]"
Add component (AddParameter): Name = "Value"; Value = "12.0K"; VariantName = "[No Variations]"
Added Component: Designator=R7(RESC1005N)
Add component. Clean all parameters for all variants
Add component (AddParameter): Name = "Manufacturer 1"; Value = "Panasonic"; VariantName = "[No Variations]"
Add component (AddParameter): Name = "Manufacturer Part Number 1"; Value = "ERJ-2RKF1001X"; VariantName = "[No Variations]"
Add component (AddParameter): Name = "Supplier 1"; Value = "Digi-Key"; VariantName = "[No Variations]"
Add component (AddParameter): Name = "Supplier Part Number 1"; Value = "P1.00KLCT-ND"; VariantName = "[No Variations]"
Add component (AddParameter): Name = "Value"; Value = "1.00K"; VariantName = "[No Variations]"
Added Component: Designator=R8(RESC1005N)
Add component. Clean all parameters for all variants
Add component (AddParameter): Name = "Manufacturer 1"; Value = "Panasonic"; VariantName = "[No Variations]"
Add component (AddParameter): Name = "Manufacturer Part Number 1"; Value = "ERJ-2RKF1002X"; VariantName = "[No Variations]"
Add component (AddParameter): Name = "Supplier 1"; Value = "Digi-Key"; VariantName = "[No Variations]"
Add component (AddParameter): Name = "Supplier Part Number 1"; Value = "P10.0KLCT-ND"; VariantName = "[No Variations]"
Add component (AddParameter): Name = "Value"; Value = "10.0K"; VariantName = "[No Variations]"
Added Component: Designator=R9(RESC1005N)
Add component. Clean all parameters for all variants
Add component (AddParameter): Name = "Manufacturer 1"; Value = "Panasonic"; VariantName = "[No Variations]"
Add component (AddParameter): Name = "Manufacturer Part Number 1"; Value = "ERJ-2RKF1002X"; VariantName = "[No Variations]"
Add component (AddParameter): Name = "Supplier 1"; Value = "Digi-Key"; VariantName = "[No Variations]"
Add component (AddParameter): Name = "Supplier Part Number 1"; Value = "P10.0KLCT-ND"; VariantName = "[No Variations]"
Add component (AddParameter): Name = "Value"; Value = "10.0K"; VariantName = "[No Variations]"
Added Component: Designator=R10(RESC1005N)
Add component. Clean all parameters for all variants
Add component (AddParameter): Name = "Manufacturer 1"; Value = "Panasonic"; VariantName = "[No Variations]"
Add component (AddParameter): Name = "Manufacturer Part Number 1"; Value = "ERJ-2RKF1202X"; VariantName = "[No Variations]"
Add component (AddParameter): Name = "Supplier 1"; Value = "Digi-Key"; VariantName = "[No Variations]"
Add component (AddParameter): Name = "Supplier Part Number 1"; Value = "P12.0KLCT-ND"; VariantName = "[No Variations]"
Add component (AddParameter): Name = "Value"; Value = "12.0K"; VariantName = "[No Variations]"
Added Component: Designator=R11(RESC1005N)
Add component. Clean all parameters for all variants
Add component (AddParameter): Name = "Manufacturer 1"; Value = "Panasonic"; VariantName = "[No Variations]"
Add component (AddParameter): Name = "Manufacturer Part Number 1"; Value = "ERJ-2RKF1001X"; VariantName = "[No Variations]"
Add component (AddParameter): Name = "Supplier 1"; Value = "Digi-Key"; VariantName = "[No Variations]"
Add component (AddParameter): Name = "Supplier Part Number 1"; Value = "P1.00KLCT-ND"; VariantName = "[No Variations]"
Add component (AddParameter): Name = "Value"; Value = "1.00K"; VariantName = "[No Variations]"
Added Component: Designator=R12(RESC1005N)
Add component. Clean all parameters for all variants
Add component (AddParameter): Name = "Manufacturer 1"; Value = "Panasonic"; VariantName = "[No Variations]"
Add component (AddParameter): Name = "Manufacturer Part Number 1"; Value = "ERJ-2RKF1002X"; VariantName = "[No Variations]"
Add component (AddParameter): Name = "Supplier 1"; Value = "Digi-Key"; VariantName = "[No Variations]"
Add component (AddParameter): Name = "Supplier Part Number 1"; Value = "P10.0KLCT-ND"; VariantName = "[No Variations]"
Add component (AddParameter): Name = "Value"; Value = "10.0K"; VariantName = "[No Variations]"
Added Component: Designator=R13(RESC1005N)
Add component. Clean all parameters for all variants
Add component (AddParameter): Name = "Manufacturer 1"; Value = "Panasonic"; VariantName = "[No Variations]"
Add component (AddParameter): Name = "Manufacturer Part Number 1"; Value = "ERJ-2RKF1002X"; VariantName = "[No Variations]"
Add component (AddParameter): Name = "Supplier 1"; Value = "Digi-Key"; VariantName = "[No Variations]"
Add component (AddParameter): Name = "Supplier Part Number 1"; Value = "P10.0KLCT-ND"; VariantName = "[No Variations]"
Add component (AddParameter): Name = "Value"; Value = "10.0K"; VariantName = "[No Variations]"
Added Component: Designator=R14(RESC1005N)
Add component. Clean all parameters for all variants
Add component (AddParameter): Name = "Manufacturer 1"; Value = "Panasonic"; VariantName = "[No Variations]"
Add component (AddParameter): Name = "Manufacturer Part Number 1"; Value = "ERJ-2RKF1002X"; VariantName = "[No Variations]"
Add component (AddParameter): Name = "Supplier 1"; Value = "Digi-Key"; VariantName = "[No Variations]"
Add component (AddParameter): Name = "Supplier Part Number 1"; Value = "P10.0KLCT-ND"; VariantName = "[No Variations]"
Add component (AddParameter): Name = "Value"; Value = "10.0K"; VariantName = "[No Variations]"
Added Component: Designator=R15(RESC1005N)
Add component. Clean all parameters for all variants
Add component (AddParameter): Name = "Manufacturer 1"; Value = "Panasonic"; VariantName = "[No Variations]"
Add component (AddParameter): Name = "Manufacturer Part Number 1"; Value = "ERJ-2RKF1002X"; VariantName = "[No Variations]"
Add component (AddParameter): Name = "Supplier 1"; Value = "Digi-Key"; VariantName = "[No Variations]"
Add component (AddParameter): Name = "Supplier Part Number 1"; Value = "P10.0KLCT-ND"; VariantName = "[No Variations]"
Add component (AddParameter): Name = "Value"; Value = "10.0K"; VariantName = "[No Variations]"
Added Component: Designator=R16(RESC1005N)
Add component. Clean all parameters for all variants
Add component (AddParameter): Name = "Manufacturer 1"; Value = "Panasonic"; VariantName = "[No Variations]"
Add component (AddParameter): Name = "Manufacturer Part Number 1"; Value = "ERJ-2RKF1002X"; VariantName = "[No Variations]"
Add component (AddParameter): Name = "Supplier 1"; Value = "Digi-Key"; VariantName = "[No Variations]"
Add component (AddParameter): Name = "Supplier Part Number 1"; Value = "P10.0KLCT-ND"; VariantName = "[No Variations]"
Add component (AddParameter): Name = "Value"; Value = "10.0K"; VariantName = "[No Variations]"
Added Component: Designator=R17(RESC1005N)
Add component. Clean all parameters for all variants
Add component (AddParameter): Name = "Manufacturer 1"; Value = "Panasonic"; VariantName = "[No Variations]"
Add component (AddParameter): Name = "Manufacturer Part Number 1"; Value = "ERJ-2RKF1002X"; VariantName = "[No Variations]"
Add component (AddParameter): Name = "Supplier 1"; Value = "Digi-Key"; VariantName = "[No Variations]"
Add component (AddParameter): Name = "Supplier Part Number 1"; Value = "P10.0KLCT-ND"; VariantName = "[No Variations]"
Add component (AddParameter): Name = "Value"; Value = "10.0K"; VariantName = "[No Variations]"
Added Component: Designator=R18(RESC1005N)
Add component. Clean all parameters for all variants
Add component (AddParameter): Name = "Manufacturer 1"; Value = "Panasonic"; VariantName = "[No Variations]"
Add component (AddParameter): Name = "Manufacturer Part Number 1"; Value = "ERJ-2RKF1002X"; VariantName = "[No Variations]"
Add component (AddParameter): Name = "Supplier 1"; Value = "Digi-Key"; VariantName = "[No Variations]"
Add component (AddParameter): Name = "Supplier Part Number 1"; Value = "P10.0KLCT-ND"; VariantName = "[No Variations]"
Add component (AddParameter): Name = "Value"; Value = "10.0K"; VariantName = "[No Variations]"
Added Component: Designator=R19(RESC1005N)
Add component. Clean all parameters for all variants
Add component (AddParameter): Name = "Manufacturer 1"; Value = "Panasonic"; VariantName = "[No Variations]"
Add component (AddParameter): Name = "Manufacturer Part Number 1"; Value = "ERJ-2RKF1002X"; VariantName = "[No Variations]"
Add component (AddParameter): Name = "Supplier 1"; Value = "Digi-Key"; VariantName = "[No Variations]"
Add component (AddParameter): Name = "Supplier Part Number 1"; Value = "P10.0KLCT-ND"; VariantName = "[No Variations]"
Add component (AddParameter): Name = "Value"; Value = "10.0K"; VariantName = "[No Variations]"
Added Component: Designator=R20(RESC1005N)
Add component. Clean all parameters for all variants
Add component (AddParameter): Name = "Manufacturer 1"; Value = "Panasonic"; VariantName = "[No Variations]"
Add component (AddParameter): Name = "Manufacturer Part Number 1"; Value = "ERJ-2RKF1002X"; VariantName = "[No Variations]"
Add component (AddParameter): Name = "Supplier 1"; Value = "Digi-Key"; VariantName = "[No Variations]"
Add component (AddParameter): Name = "Supplier Part Number 1"; Value = "P10.0KLCT-ND"; VariantName = "[No Variations]"
Add component (AddParameter): Name = "Value"; Value = "10.0K"; VariantName = "[No Variations]"
Added Component: Designator=R21(RESC1005N)
Add component. Clean all parameters for all variants
Add component (AddParameter): Name = "Manufacturer 1"; Value = "Panasonic"; VariantName = "[No Variations]"
Add component (AddParameter): Name = "Manufacturer Part Number 1"; Value = "ERJ-2RKF1002X"; VariantName = "[No Variations]"
Add component (AddParameter): Name = "Supplier 1"; Value = "Digi-Key"; VariantName = "[No Variations]"
Add component (AddParameter): Name = "Supplier Part Number 1"; Value = "P10.0KLCT-ND"; VariantName = "[No Variations]"
Add component (AddParameter): Name = "Value"; Value = "10.0K"; VariantName = "[No Variations]"
Added Component: Designator=R22(RESC1005N)
Add component. Clean all parameters for all variants
Add component (AddParameter): Name = "Manufacturer 1"; Value = "Panasonic"; VariantName = "[No Variations]"
Add component (AddParameter): Name = "Manufacturer Part Number 1"; Value = "ERJ-2RKF1002X"; VariantName = "[No Variations]"
Add component (AddParameter): Name = "Supplier 1"; Value = "Digi-Key"; VariantName = "[No Variations]"
Add component (AddParameter): Name = "Supplier Part Number 1"; Value = "P10.0KLCT-ND"; VariantName = "[No Variations]"
Add component (AddParameter): Name = "Value"; Value = "10.0K"; VariantName = "[No Variations]"
Added Component: Designator=S1(SPST-2)
Add component. Clean all parameters for all variants
Add component (AddParameter): Name = "LatestRevisionDate"; Value = "17-Jul-2002"; VariantName = "[No Variations]"
Add component (AddParameter): Name = "LatestRevisionNote"; Value = "Re-released for DXP Platform."; VariantName = "[No Variations]"
Add component (AddParameter): Name = "PackageDescription"; Value = "Switch; 2 Leads"; VariantName = "[No Variations]"
Add component (AddParameter): Name = "PackageReference"; Value = "SPST-2"; VariantName = "[No Variations]"
Add component (AddParameter): Name = "Published"; Value = "24-Mar-1999"; VariantName = "[No Variations]"
Add component (AddParameter): Name = "Publisher"; Value = "Altium Limited"; VariantName = "[No Variations]"
Added Component: Designator=S2(SPST-2)
Add component. Clean all parameters for all variants
Add component (AddParameter): Name = "LatestRevisionDate"; Value = "17-Jul-2002"; VariantName = "[No Variations]"
Add component (AddParameter): Name = "LatestRevisionNote"; Value = "Re-released for DXP Platform."; VariantName = "[No Variations]"
Add component (AddParameter): Name = "PackageDescription"; Value = "Switch; 2 Leads"; VariantName = "[No Variations]"
Add component (AddParameter): Name = "PackageReference"; Value = "SPST-2"; VariantName = "[No Variations]"
Add component (AddParameter): Name = "Published"; Value = "24-Mar-1999"; VariantName = "[No Variations]"
Add component (AddParameter): Name = "Publisher"; Value = "Altium Limited"; VariantName = "[No Variations]"
Added Component: Designator=S3(SPST-2)
Add component. Clean all parameters for all variants
Add component (AddParameter): Name = "LatestRevisionDate"; Value = "17-Jul-2002"; VariantName = "[No Variations]"
Add component (AddParameter): Name = "LatestRevisionNote"; Value = "Re-released for DXP Platform."; VariantName = "[No Variations]"
Add component (AddParameter): Name = "PackageDescription"; Value = "Switch; 2 Leads"; VariantName = "[No Variations]"
Add component (AddParameter): Name = "PackageReference"; Value = "SPST-2"; VariantName = "[No Variations]"
Add component (AddParameter): Name = "Published"; Value = "24-Mar-1999"; VariantName = "[No Variations]"
Add component (AddParameter): Name = "Publisher"; Value = "Altium Limited"; VariantName = "[No Variations]"
Added Component: Designator=U2(TSOT26-6N)
Add component. Clean all parameters for all variants
Add component (AddParameter): Name = "Value"; Value = "AP63205"; VariantName = "[No Variations]"
Added Component: Designator=U3(SOT223-4N)
Add component. Clean all parameters for all variants
Add component (AddParameter): Name = "Supplier 1"; Value = "Digi-Key"; VariantName = "[No Variations]"
Add component (AddParameter): Name = "Supplier Part Number 1"; Value = "LM3940IMP-3.3/NOPB"; VariantName = "[No Variations]"
Add component (AddParameter): Name = "Value"; Value = "LM3940"; VariantName = "[No Variations]"
Added Component: Designator=U4(32A_L)
Add component. Clean all parameters for all variants
Add component (AddParameter): Name = "Code_JEDEC"; Value = "MS-026-ABA"; VariantName = "[No Variations]"
Add component (AddParameter): Name = "ComponentLink1Description"; Value = "Manufacturer URL"; VariantName = "[No Variations]"
Add component (AddParameter): Name = "ComponentLink1URL"; Value = "http://www.atmel.com/"; VariantName = "[No Variations]"
Add component (AddParameter): Name = "ComponentLink2Description"; Value = "ATmega48A/48PA/88A/88PA/168A/168PA/328/328P Datasheet"; VariantName = "[No Variations]"
Add component (AddParameter): Name = "ComponentLink2URL"; Value = "http://www.atmel.com/dyn/resources/prod_documents/doc8271.pdf"; VariantName = "[No Variations]"
Add component (AddParameter): Name = "ComponentLink3Description"; Value = "ATmega48A/48PA/88A/88PA/168A/168PA/328/328P Summary"; VariantName = "[No Variations]"
Add component (AddParameter): Name = "ComponentLink3URL"; Value = "http://www.atmel.com/dyn/resources/prod_documents/8271S.pdf"; VariantName = "[No Variations]"
Add component (AddParameter): Name = "DatasheetVersion"; Value = "revD, May-2011"; VariantName = "[No Variations]"
Add component (AddParameter): Name = "PackageDescription"; Value = "32-Lead, 7x7x1.0 mm Body, 0.8mm Lead Pitch, Thin Profile Plastic Quad Flat Package (TQFP)"; VariantName = "[No Variations]"
Add component (AddParameter): Name = "PackageReference"; Value = "32A"; VariantName = "[No Variations]"
Add component (AddParameter): Name = "PackageVersion"; Value = "revC, Oct-2010"; VariantName = "[No Variations]"
Add component (AddParameter): Name = "RevisionNote"; Value = "DatasheetVersion & PackageVersion updated. URLs added."; VariantName = "[No Variations]"
Added Component: Designator=U6(DBZ0003A_L)
Add component. Clean all parameters for all variants
Add component (AddParameter): Name = "# of Supplies Monitored"; Value = "1"; VariantName = "[No Variations]"
Add component (AddParameter): Name = "Code_JEDEC"; Value = "TO-236-AB"; VariantName = "[No Variations]"
Add component (AddParameter): Name = "ComponentLink1Description"; Value = "Datasheet"; VariantName = "[No Variations]"
Add component (AddParameter): Name = "ComponentLink1URL"; Value = "http://www.ti.com/general/docs/lit/getliterature.tsp?genericPartNumber=TLV803S&fileType=pdf"; VariantName = "[No Variations]"
Add component (AddParameter): Name = "DatasheetVersion"; Value = "SBVS157B"; VariantName = "[No Variations]"
Add component (AddParameter): Name = "Iq(Typ)(uA)"; Value = "9"; VariantName = "[No Variations]"
Add component (AddParameter): Name = "Manufacturer"; Value = "Texas Instruments"; VariantName = "[No Variations]"
Add component (AddParameter): Name = "Mounting Technology"; Value = "Surface Mount"; VariantName = "[No Variations]"
Add component (AddParameter): Name = "Output Driver Type / Reset Output"; Value = "Active-low, Open-drain"; VariantName = "[No Variations]"
Add component (AddParameter): Name = "PackageDescription"; Value = "3-Pin Plastic Small-Outline Package, 0.95 mm Pitch, 2.4 mm Lead Span"; VariantName = "[No Variations]"
Add component (AddParameter): Name = "PackageReference"; Value = "DBZ0003A"; VariantName = "[No Variations]"
Add component (AddParameter): Name = "PackageVersion"; Value = "revB, Apr-2005"; VariantName = "[No Variations]"
Add component (AddParameter): Name = "PartNumber"; Value = "TLV803SDBZR"; VariantName = "[No Variations]"
Add component (AddParameter): Name = "Rating"; Value = "Catalog"; VariantName = "[No Variations]"
Add component (AddParameter): Name = "Reset Threshold Accuracy(%)"; Value = "2"; VariantName = "[No Variations]"
Add component (AddParameter): Name = "SubFamily"; Value = "Supervisor and Reset IC"; VariantName = "[No Variations]"
Add component (AddParameter): Name = "Threshold Voltage 1 (typ)(Typ)(V)"; Value = "2.93"; VariantName = "[No Variations]"
Add component (AddParameter): Name = "Time Delay(ms)"; Value = "200"; VariantName = "[No Variations]"
Add component (AddParameter): Name = "Value"; Value = "TLV803SDBZR"; VariantName = "[No Variations]"
Add component (AddParameter): Name = "VCC(Max)(V)"; Value = "6"; VariantName = "[No Variations]"
Add component (AddParameter): Name = "VCC(Min)(V)"; Value = "1.1"; VariantName = "[No Variations]"
Added Pin To Net: NetName=3V3 Pin=P4-1
Added Pin To Net: NetName=3V3 Pin=R18-2
Added Pin To Net: NetName=3V3 Pin=R19-2
Added Pin To Net: NetName=3V3 Pin=R20-2
Added Pin To Net: NetName=3V3 Pin=R22-2
Added Pin To Net: NetName=3V3 Pin=U3-3
Added Pin To Net: NetName=3V3 Pin=U6-3
Added Net: Name=3V3
Added Pin To Net: NetName=5V Pin=J1-1
Added Pin To Net: NetName=5V Pin=J1-1
Added Pin To Net: NetName=5V Pin=L1-2
Added Pin To Net: NetName=5V Pin=P3-2
Added Pin To Net: NetName=5V Pin=R16-2
Added Pin To Net: NetName=5V Pin=R17-2
Added Pin To Net: NetName=5V Pin=S1-2
Added Pin To Net: NetName=5V Pin=S2-2
Added Pin To Net: NetName=5V Pin=S3-2
Added Pin To Net: NetName=5V Pin=U2-1
Added Pin To Net: NetName=5V Pin=U3-1
Added Pin To Net: NetName=5V Pin=U4-4
Added Pin To Net: NetName=5V Pin=U4-6
Added Pin To Net: NetName=5V Pin=U4-18
Added Net: Name=5V
Added Pin To Net: NetName=12V Pin=J2-1
Added Pin To Net: NetName=12V Pin=J2-1
Added Pin To Net: NetName=12V Pin=U2-2
Added Pin To Net: NetName=12V Pin=U2-3
Added Net: Name=12V
Added Pin To Net: NetName=GND Pin=C18-1
Added Pin To Net: NetName=GND Pin=C19-1
Added Pin To Net: NetName=GND Pin=J2-2
Added Pin To Net: NetName=GND Pin=J3-2
Added Pin To Net: NetName=GND Pin=J4-2
Added Pin To Net: NetName=GND Pin=P3-6
Added Pin To Net: NetName=GND Pin=P4-4
Added Pin To Net: NetName=GND Pin=P4-6
Added Pin To Net: NetName=GND Pin=P4-8
Added Pin To Net: NetName=GND Pin=P4-10
Added Pin To Net: NetName=GND Pin=P4-11
Added Pin To Net: NetName=GND Pin=P4-12
Added Pin To Net: NetName=GND Pin=P4-14
Added Pin To Net: NetName=GND Pin=P4-16
Added Pin To Net: NetName=GND Pin=P4-18
Added Pin To Net: NetName=GND Pin=P4-20
Added Pin To Net: NetName=GND Pin=Q2-2
Added Pin To Net: NetName=GND Pin=Q4-2
Added Pin To Net: NetName=GND Pin=Q6-2
Added Pin To Net: NetName=GND Pin=R4-1
Added Pin To Net: NetName=GND Pin=R8-1
Added Pin To Net: NetName=GND Pin=R12-1
Added Pin To Net: NetName=GND Pin=R13-1
Added Pin To Net: NetName=GND Pin=R14-1
Added Pin To Net: NetName=GND Pin=R15-1
Added Pin To Net: NetName=GND Pin=R21-2
Added Pin To Net: NetName=GND Pin=U2-4
Added Pin To Net: NetName=GND Pin=U3-2
Added Pin To Net: NetName=GND Pin=U3-4
Added Pin To Net: NetName=GND Pin=U4-3
Added Pin To Net: NetName=GND Pin=U4-5
Added Pin To Net: NetName=GND Pin=U4-21
Added Pin To Net: NetName=GND Pin=U6-1
Added Net: Name=GND
Added Pin To Net: NetName=MAG1 Pin=R7-1
Added Net: Name=MAG1
Added Pin To Net: NetName=MAG2 Pin=R11-1
Added Net: Name=MAG2
Added Pin To Net: NetName=MISO Pin=P3-1
Added Pin To Net: NetName=MISO Pin=U4-16
Added Net: Name=MISO
Added Pin To Net: NetName=MOSI Pin=P3-4
Added Pin To Net: NetName=MOSI Pin=U4-15
Added Net: Name=MOSI
Added Pin To Net: NetName=NetC1_1 Pin=L1-1
Added Pin To Net: NetName=NetC1_1 Pin=U2-5
Added Net: Name=NetC1_1
Added Pin To Net: NetName=NetC1_2 Pin=U2-6
Added Net: Name=NetC1_2
Added Pin To Net: NetName=NetC18_2 Pin=C18-2
Added Pin To Net: NetName=NetC18_2 Pin=U4-7
Added Net: Name=NetC18_2
Added Pin To Net: NetName=NetC19_2 Pin=C19-2
Added Pin To Net: NetName=NetC19_2 Pin=U4-8
Added Net: Name=NetC19_2
Added Pin To Net: NetName=NetJ1_2 Pin=J1-2
Added Pin To Net: NetName=NetJ1_2 Pin=R1-2
Added Net: Name=NetJ1_2
Added Pin To Net: NetName=NetJ3_1 Pin=J3-1
Added Pin To Net: NetName=NetJ3_1 Pin=J3-1
Added Net: Name=NetJ3_1
Added Pin To Net: NetName=NetJ4_1 Pin=J4-1
Added Pin To Net: NetName=NetJ4_1 Pin=J4-1
Added Net: Name=NetJ4_1
Added Pin To Net: NetName=NetP1_1 Pin=P1-1
Added Net: Name=NetP1_1
Added Pin To Net: NetName=NetP1_2 Pin=P1-2
Added Net: Name=NetP1_2
Added Pin To Net: NetName=NetP1_3 Pin=P1-3
Added Net: Name=NetP1_3
Added Pin To Net: NetName=NetP1_4 Pin=P1-4
Added Net: Name=NetP1_4
Added Pin To Net: NetName=NetP1_5 Pin=P1-5
Added Net: Name=NetP1_5
Added Pin To Net: NetName=NetP1_6 Pin=P1-6
Added Net: Name=NetP1_6
Added Pin To Net: NetName=NetP1_7 Pin=P1-7
Added Net: Name=NetP1_7
Added Pin To Net: NetName=NetP2_1 Pin=P2-1
Added Net: Name=NetP2_1
Added Pin To Net: NetName=NetP2_2 Pin=P2-2
Added Net: Name=NetP2_2
Added Pin To Net: NetName=NetP2_3 Pin=P2-3
Added Net: Name=NetP2_3
Added Pin To Net: NetName=NetP2_4 Pin=P2-4
Added Net: Name=NetP2_4
Added Pin To Net: NetName=NetP2_5 Pin=P2-5
Added Net: Name=NetP2_5
Added Pin To Net: NetName=NetQ1_4 Pin=R2-2
Added Net: Name=NetQ1_4
Added Pin To Net: NetName=NetQ1_5 Pin=R5-2
Added Pin To Net: NetName=NetQ1_5 Pin=R9-2
Added Net: Name=NetQ1_5
Added Pin To Net: NetName=NetQ2_1 Pin=Q2-1
Added Pin To Net: NetName=NetQ2_1 Pin=R3-2
Added Pin To Net: NetName=NetQ2_1 Pin=R4-2
Added Net: Name=NetQ2_1
Added Pin To Net: NetName=NetQ2_3 Pin=Q2-3
Added Pin To Net: NetName=NetQ2_3 Pin=R1-1
Added Pin To Net: NetName=NetQ2_3 Pin=R2-1
Added Net: Name=NetQ2_3
Added Pin To Net: NetName=NetQ3_4 Pin=R6-2
Added Net: Name=NetQ3_4
Added Pin To Net: NetName=NetQ4_1 Pin=Q4-1
Added Pin To Net: NetName=NetQ4_1 Pin=R7-2
Added Pin To Net: NetName=NetQ4_1 Pin=R8-2
Added Net: Name=NetQ4_1
Added Pin To Net: NetName=NetQ4_3 Pin=Q4-3
Added Pin To Net: NetName=NetQ4_3 Pin=R5-1
Added Pin To Net: NetName=NetQ4_3 Pin=R6-1
Added Net: Name=NetQ4_3
Added Pin To Net: NetName=NetQ5_4 Pin=R10-2
Added Net: Name=NetQ5_4
Added Pin To Net: NetName=NetQ6_1 Pin=Q6-1
Added Pin To Net: NetName=NetQ6_1 Pin=R11-2
Added Pin To Net: NetName=NetQ6_1 Pin=R12-2
Added Net: Name=NetQ6_1
Added Pin To Net: NetName=NetQ6_3 Pin=Q6-3
Added Pin To Net: NetName=NetQ6_3 Pin=R9-1
Added Pin To Net: NetName=NetQ6_3 Pin=R10-1
Added Net: Name=NetQ6_3
Added Pin To Net: NetName=NetR13_2 Pin=R13-2
Added Pin To Net: NetName=NetR13_2 Pin=S3-1
Added Pin To Net: NetName=NetR13_2 Pin=U4-25
Added Net: Name=NetR13_2
Added Pin To Net: NetName=NetR14_2 Pin=R14-2
Added Pin To Net: NetName=NetR14_2 Pin=S2-1
Added Pin To Net: NetName=NetR14_2 Pin=U4-24
Added Net: Name=NetR14_2
Added Pin To Net: NetName=NetR15_2 Pin=R15-2
Added Pin To Net: NetName=NetR15_2 Pin=S1-1
Added Pin To Net: NetName=NetR15_2 Pin=U4-23
Added Net: Name=NetR15_2
Added Pin To Net: NetName=nRESET Pin=P3-5
Added Pin To Net: NetName=nRESET Pin=U4-29
Added Net: Name=nRESET
Added Pin To Net: NetName=POWER_EN Pin=R3-1
Added Pin To Net: NetName=POWER_EN Pin=U4-1
Added Net: Name=POWER_EN
Added Pin To Net: NetName=RSTn Pin=P4-15
Added Pin To Net: NetName=RSTn Pin=R22-1
Added Pin To Net: NetName=RSTn Pin=U6-2
Added Net: Name=RSTn
Added Pin To Net: NetName=SCK Pin=P3-3
Added Pin To Net: NetName=SCK Pin=U4-17
Added Net: Name=SCK
Added Pin To Net: NetName=SCL Pin=R17-1
Added Pin To Net: NetName=SCL Pin=U4-28
Added Net: Name=SCL
Added Pin To Net: NetName=SDA Pin=R16-1
Added Pin To Net: NetName=SDA Pin=U4-27
Added Net: Name=SDA
Added Pin To Net: NetName=TCK Pin=P4-9
Added Pin To Net: NetName=TCK Pin=R21-1
Added Net: Name=TCK
Added Pin To Net: NetName=TDI Pin=P4-5
Added Pin To Net: NetName=TDI Pin=R19-1
Added Net: Name=TDI
Added Pin To Net: NetName=TDO Pin=P4-13
Added Net: Name=TDO
Added Pin To Net: NetName=TMS Pin=P4-7
Added Pin To Net: NetName=TMS Pin=R20-1
Added Net: Name=TMS
Added Pin To Net: NetName=TRST Pin=P4-3
Added Pin To Net: NetName=TRST Pin=R18-1
Added Net: Name=TRST
Added Class: Name=SCH_MagControl_Sheet1
Added Class: Name=SCH_MagControl_Sheet2
Added Room: Name=SCH_MagControl_Sheet1
Added Room: Name=SCH_MagControl_Sheet2
