Added Component: Designator=U5(SOP127P1030X265-20N)
Add component. Clean all parameters for all variants
Add component (AddParameter): Name = "Value"; Value = "HT16K33"; VariantName = "[No Variations]"
Added Pin To Net: NetName=GND Pin=U5-1
Added Pin To Net: NetName=NetP2_1 Pin=U5-2
Added Pin To Net: NetName=NetP2_2 Pin=U5-3
Added Pin To Net: NetName=NetP2_3 Pin=U5-4
Added Pin To Net: NetName=NetP2_4 Pin=U5-5
Added Pin To Net: NetName=NetP2_5 Pin=U5-6
Added Pin To Net: NetName=NetP1_7 Pin=U5-11
Added Pin To Net: NetName=NetP1_6 Pin=U5-12
Added Pin To Net: NetName=NetP1_5 Pin=U5-13
Added Pin To Net: NetName=NetP1_4 Pin=U5-14
Added Pin To Net: NetName=NetP1_3 Pin=U5-15
Added Pin To Net: NetName=NetP1_2 Pin=U5-16
Added Pin To Net: NetName=NetP1_1 Pin=U5-17
Added Pin To Net: NetName=SCL Pin=U5-18
Added Pin To Net: NetName=SDA Pin=U5-19
Added Pin To Net: NetName=5V Pin=U5-20
Added Member To Class: ClassName=SCH_MagControl_Sheet2 Member=Component U5 HT16K33
