Change Component Footprint: Designator=C2 Old Footprint=CAPC1608L New Footprint=CAPC2012L
Change Component Footprint: Designator=C3 Old Footprint=CAPC1608L New Footprint=CAPC2012L
Change Component Footprint: Designator=C4 Old Footprint=CAPC1608L New Footprint=CAPC2012L
Change component parameters: Designator = "C2"; Footprint = "CAPC2012L"; UniqueID = "\PWHJTNAH"
Change component parameters. Clean all parameters for all variants
Change component parameters (AddParameter): Name = "Manufacturer 1"; Value = "Samsung"; VariantName = "[No Variations]"
Change component parameters (AddParameter): Name = "Manufacturer Part Number 1"; Value = "CL21A106KPFNNNG"; VariantName = "[No Variations]"
Change component parameters (AddParameter): Name = "Supplier 1"; Value = "Digi-Key"; VariantName = "[No Variations]"
Change component parameters (AddParameter): Name = "Supplier Part Number 1"; Value = "1276-6456-1-ND"; VariantName = "[No Variations]"
Change component parameters (AddParameter): Name = "Value"; Value = "10uF"; VariantName = "[No Variations]"
Change component parameters: Designator = "C3"; Footprint = "CAPC2012L"; UniqueID = "\RBAIVJXL"
Change component parameters. Clean all parameters for all variants
Change component parameters (AddParameter): Name = "Manufacturer 1"; Value = "Samsung"; VariantName = "[No Variations]"
Change component parameters (AddParameter): Name = "Manufacturer Part Number 1"; Value = "CL21A106KPFNNNG"; VariantName = "[No Variations]"
Change component parameters (AddParameter): Name = "Supplier 1"; Value = "Digi-Key"; VariantName = "[No Variations]"
Change component parameters (AddParameter): Name = "Supplier Part Number 1"; Value = "1276-6456-1-ND"; VariantName = "[No Variations]"
Change component parameters (AddParameter): Name = "Value"; Value = "10uF"; VariantName = "[No Variations]"
Change component parameters: Designator = "C4"; Footprint = "CAPC2012L"; UniqueID = "\IERMVAJO"
Change component parameters. Clean all parameters for all variants
Change component parameters (AddParameter): Name = "Manufacturer 1"; Value = "Samsung"; VariantName = "[No Variations]"
Change component parameters (AddParameter): Name = "Manufacturer Part Number 1"; Value = "CL21A226KQCLRNC"; VariantName = "[No Variations]"
Change component parameters (AddParameter): Name = "Supplier 1"; Value = "Digi-Key"; VariantName = "[No Variations]"
Change component parameters (AddParameter): Name = "Supplier Part Number 1"; Value = "1276-6687-1-ND"; VariantName = "[No Variations]"
Change component parameters (AddParameter): Name = "Value"; Value = "22uF"; VariantName = "[No Variations]"
Added Room: Name=SCH_MagControl_Sheet1
Added Room: Name=SCH_MagControl_Sheet2
